Application/build/outputs/logs/manifest-merger-user-debug-report.txt
-- Merging decision tree log ---
manifest
ADDED from AndroidManifest.xml:4:1
	xmlns:android
		ADDED from AndroidManifest.xml:4:11
	package
		ADDED from AndroidManifest.xml:5:5
		INJECTED from AndroidManifest.xml:0:0
		INJECTED from AndroidManifest.xml:0:0
	android:versionName
		ADDED from AndroidManifest.xml:7:5
	android:versionCode
		ADDED from AndroidManifest.xml:6:5
		INJECTED from AndroidManifest.xml:0:0
		INJECTED from AndroidManifest.xml:0:0
uses-permission#com.google.android.providers.gsf.permission.READ_GSERVICES
ADDED from AndroidManifest.xml:9:5
	android:name
		ADDED from AndroidManifest.xml:9:22
uses-permission#android.permission.INTERNET
ADDED from AndroidManifest.xml:10:5
	android:name
		ADDED from AndroidManifest.xml:10:22
uses-permission#android.permission.ACCESS_NETWORK_STATE
ADDED from AndroidManifest.xml:11:5
	android:name
		ADDED from AndroidManifest.xml:11:22
uses-permission#android.permission.GET_ACCOUNTS
ADDED from AndroidManifest.xml:12:5
	android:name
		ADDED from AndroidManifest.xml:12:22
uses-permission#android.permission.WAKE_LOCK
ADDED from AndroidManifest.xml:13:5
	android:name
		ADDED from AndroidManifest.xml:13:22
uses-permission#com.google.android.c2dm.permission.RECEIVE
ADDED from AndroidManifest.xml:14:5
	android:name
		ADDED from AndroidManifest.xml:14:22
uses-permission#android.permission.VIBRATE
ADDED from AndroidManifest.xml:15:5
	android:name
		ADDED from AndroidManifest.xml:15:22
uses-permission#com.marcosedo.lagramola.permission.C2D_MESSAGE
ADDED from AndroidManifest.xml:16:5
	android:name
		ADDED from AndroidManifest.xml:16:22
uses-permission#android.permission.WRITE_EXTERNAL_STORAGE
ADDED from AndroidManifest.xml:17:5
	android:name
		ADDED from AndroidManifest.xml:17:22
permission#com.marcosedo.lagramola.permission.C2D_MESSAGE
ADDED from AndroidManifest.xml:21:5
	android:protectionLevel
		ADDED from AndroidManifest.xml:23:9
	android:name
		ADDED from AndroidManifest.xml:22:9
permission#com.marcosedo.lagramola.permission.MAPS_RECEIVE
ADDED from AndroidManifest.xml:24:5
	android:protectionLevel
		ADDED from AndroidManifest.xml:26:9
	android:name
		ADDED from AndroidManifest.xml:25:9
uses-feature#0x00020000
ADDED from AndroidManifest.xml:27:5
	android:required
		ADDED from AndroidManifest.xml:29:9
	android:glEsVersion
		ADDED from AndroidManifest.xml:28:9
uses-feature#android.hardware.camera
ADDED from AndroidManifest.xml:30:5
	android:required
		ADDED from AndroidManifest.xml:31:9
	android:name
		ADDED from AndroidManifest.xml:30:19
application
ADDED from AndroidManifest.xml:35:5
MERGED from com.android.support:support-v4:22.2.0:22:5
MERGED from com.android.support:gridlayout-v7:21.0.2:16:5
MERGED from com.android.support:support-v4:22.2.0:22:5
MERGED from com.android.support:cardview-v7:21.0.2:16:5
MERGED from com.android.support:appcompat-v7:22.2.0:22:5
MERGED from com.android.support:support-v4:22.2.0:22:5
MERGED from com.google.android.gms:play-services:7.3.0:19:5
MERGED from com.google.android.gms:play-services-ads:7.3.0:19:5
MERGED from com.google.android.gms:play-services-base:7.3.0:20:5
MERGED from com.android.support:support-v4:22.2.0:22:5
MERGED from com.google.android.gms:play-services-analytics:7.3.0:19:5
MERGED from com.google.android.gms:play-services-base:7.3.0:20:5
MERGED from com.android.support:support-v4:22.2.0:22:5
MERGED from com.google.android.gms:play-services-analytics:7.3.0:19:5
MERGED from com.google.android.gms:play-services-base:7.3.0:20:5
MERGED from com.android.support:support-v4:22.2.0:22:5
MERGED from com.google.android.gms:play-services-appindexing:7.3.0:19:5
MERGED from com.google.android.gms:play-services-base:7.3.0:20:5
MERGED from com.android.support:support-v4:22.2.0:22:5
MERGED from com.google.android.gms:play-services-appinvite:7.3.0:19:5
MERGED from com.google.android.gms:play-services-base:7.3.0:20:5
MERGED from com.android.support:support-v4:22.2.0:22:5
MERGED from com.google.android.gms:play-services-appstate:7.3.0:19:5
MERGED from com.google.android.gms:play-services-base:7.3.0:20:5
MERGED from com.android.support:support-v4:22.2.0:22:5
MERGED from com.google.android.gms:play-services-base:7.3.0:20:5
MERGED from com.android.support:support-v4:22.2.0:22:5
MERGED from com.google.android.gms:play-services-cast:7.3.0:19:5
MERGED from com.google.android.gms:play-services-base:7.3.0:20:5
MERGED from com.android.support:support-v4:22.2.0:22:5
MERGED from com.google.android.gms:play-services-drive:7.3.0:19:5
MERGED from com.google.android.gms:play-services-base:7.3.0:20:5
MERGED from com.android.support:support-v4:22.2.0:22:5
MERGED from com.google.android.gms:play-services-fitness:7.3.0:19:5
MERGED from com.google.android.gms:play-services-base:7.3.0:20:5
MERGED from com.android.support:support-v4:22.2.0:22:5
MERGED from com.google.android.gms:play-services-location:7.3.0:19:5
MERGED from com.google.android.gms:play-services-base:7.3.0:20:5
MERGED from com.android.support:support-v4:22.2.0:22:5
MERGED from com.google.android.gms:play-services-maps:7.3.0:19:5
MERGED from com.google.android.gms:play-services-base:7.3.0:20:5
MERGED from com.android.support:support-v4:22.2.0:22:5
MERGED from com.google.android.gms:play-services-games:7.3.0:19:5
MERGED from com.google.android.gms:play-services-base:7.3.0:20:5
MERGED from com.android.support:support-v4:22.2.0:22:5
MERGED from com.google.android.gms:play-services-drive:7.3.0:19:5
MERGED from com.google.android.gms:play-services-base:7.3.0:20:5
MERGED from com.android.support:support-v4:22.2.0:22:5
MERGED from com.google.android.gms:play-services-gcm:7.3.0:19:5
MERGED from com.google.android.gms:play-services-base:7.3.0:20:5
MERGED from com.android.support:support-v4:22.2.0:22:5
MERGED from com.google.android.gms:play-services-identity:7.3.0:19:5
MERGED from com.google.android.gms:play-services-base:7.3.0:20:5
MERGED from com.android.support:support-v4:22.2.0:22:5
MERGED from com.google.android.gms:play-services-location:7.3.0:19:5
MERGED from com.google.android.gms:play-services-base:7.3.0:20:5
MERGED from com.android.support:support-v4:22.2.0:22:5
MERGED from com.google.android.gms:play-services-maps:7.3.0:19:5
MERGED from com.google.android.gms:play-services-base:7.3.0:20:5
MERGED from com.android.support:support-v4:22.2.0:22:5
MERGED from com.google.android.gms:play-services-maps:7.3.0:19:5
MERGED from com.google.android.gms:play-services-base:7.3.0:20:5
MERGED from com.android.support:support-v4:22.2.0:22:5
MERGED from com.google.android.gms:play-services-nearby:7.3.0:19:5
MERGED from com.google.android.gms:play-services-base:7.3.0:20:5
MERGED from com.android.support:support-v4:22.2.0:22:5
MERGED from com.google.android.gms:play-services-panorama:7.3.0:19:5
MERGED from com.google.android.gms:play-services-base:7.3.0:20:5
MERGED from com.android.support:support-v4:22.2.0:22:5
MERGED from com.google.android.gms:play-services-plus:7.3.0:19:5
MERGED from com.google.android.gms:play-services-base:7.3.0:20:5
MERGED from com.android.support:support-v4:22.2.0:22:5
MERGED from com.google.android.gms:play-services-safetynet:7.3.0:19:5
MERGED from com.google.android.gms:play-services-base:7.3.0:20:5
MERGED from com.android.support:support-v4:22.2.0:22:5
MERGED from com.google.android.gms:play-services-wallet:7.3.0:19:5
MERGED from com.google.android.gms:play-services-base:7.3.0:20:5
MERGED from com.android.support:support-v4:22.2.0:22:5
MERGED from com.google.android.gms:play-services-identity:7.3.0:19:5
MERGED from com.google.android.gms:play-services-base:7.3.0:20:5
MERGED from com.android.support:support-v4:22.2.0:22:5
MERGED from com.google.android.gms:play-services-maps:7.3.0:19:5
MERGED from com.google.android.gms:play-services-base:7.3.0:20:5
MERGED from com.android.support:support-v4:22.2.0:22:5
MERGED from com.google.android.gms:play-services-wearable:7.3.0:19:5
MERGED from com.google.android.gms:play-services-base:7.3.0:20:5
MERGED from com.android.support:support-v4:22.2.0:22:5
MERGED from com.android.support:design:22.2.0:22:5
MERGED from com.android.support:appcompat-v7:22.2.0:22:5
MERGED from com.android.support:support-v4:22.2.0:22:5
MERGED from com.android.support:support-v4:22.2.0:22:5
	android:label
		ADDED from AndroidManifest.xml:37:9
	android:allowBackup
		ADDED from AndroidManifest.xml:38:9
	android:icon
		ADDED from AndroidManifest.xml:36:9
	android:theme
		ADDED from AndroidManifest.xml:39:9
meta-data#com.google.android.geo.API_KEY
ADDED from AndroidManifest.xml:41:9
	android:name
		ADDED from AndroidManifest.xml:42:13
	android:value
		ADDED from AndroidManifest.xml:43:13
meta-data#com.google.android.gms.version
ADDED from AndroidManifest.xml:45:9
MERGED from com.google.android.gms:play-services-base:7.3.0:21:9
MERGED from com.google.android.gms:play-services-base:7.3.0:21:9
MERGED from com.google.android.gms:play-services-base:7.3.0:21:9
MERGED from com.google.android.gms:play-services-base:7.3.0:21:9
MERGED from com.google.android.gms:play-services-base:7.3.0:21:9
MERGED from com.google.android.gms:play-services-base:7.3.0:21:9
MERGED from com.google.android.gms:play-services-base:7.3.0:21:9
MERGED from com.google.android.gms:play-services-base:7.3.0:21:9
MERGED from com.google.android.gms:play-services-base:7.3.0:21:9
MERGED from com.google.android.gms:play-services-base:7.3.0:21:9
MERGED from com.google.android.gms:play-services-base:7.3.0:21:9
MERGED from com.google.android.gms:play-services-base:7.3.0:21:9
MERGED from com.google.android.gms:play-services-base:7.3.0:21:9
MERGED from com.google.android.gms:play-services-base:7.3.0:21:9
MERGED from com.google.android.gms:play-services-base:7.3.0:21:9
MERGED from com.google.android.gms:play-services-base:7.3.0:21:9
MERGED from com.google.android.gms:play-services-base:7.3.0:21:9
MERGED from com.google.android.gms:play-services-base:7.3.0:21:9
MERGED from com.google.android.gms:play-services-base:7.3.0:21:9
MERGED from com.google.android.gms:play-services-base:7.3.0:21:9
MERGED from com.google.android.gms:play-services-base:7.3.0:21:9
MERGED from com.google.android.gms:play-services-base:7.3.0:21:9
MERGED from com.google.android.gms:play-services-base:7.3.0:21:9
MERGED from com.google.android.gms:play-services-base:7.3.0:21:9
MERGED from com.google.android.gms:play-services-base:7.3.0:21:9
MERGED from com.google.android.gms:play-services-base:7.3.0:21:9
MERGED from com.google.android.gms:play-services-base:7.3.0:21:9
	android:name
		ADDED from AndroidManifest.xml:45:20
	android:value
		ADDED from AndroidManifest.xml:46:13
receiver#com.marcosedo.lagramola.GcmBroadcastReceiver
ADDED from AndroidManifest.xml:48:9
	android:permission
		ADDED from AndroidManifest.xml:50:13
	android:name
		ADDED from AndroidManifest.xml:49:13
intent-filter#com.google.android.c2dm.intent.RECEIVE+com.marcosedo.lagramola
ADDED from AndroidManifest.xml:51:13
action#com.google.android.c2dm.intent.RECEIVE
ADDED from AndroidManifest.xml:52:17
	android:name
		ADDED from AndroidManifest.xml:52:25
category#com.marcosedo.lagramola
ADDED from AndroidManifest.xml:53:17
	android:name
		ADDED from AndroidManifest.xml:53:27
service#com.marcosedo.lagramola.GcmIntentService
ADDED from AndroidManifest.xml:57:9
	android:name
		ADDED from AndroidManifest.xml:57:18
activity#com.marcosedo.lagramola.MainActivity
ADDED from AndroidManifest.xml:60:9
	android:screenOrientation
		ADDED from AndroidManifest.xml:61:13
	android:name
		ADDED from AndroidManifest.xml:60:19
intent-filter#android.intent.action.MAIN+android.intent.category.LAUNCHER
ADDED from AndroidManifest.xml:64:13
action#android.intent.action.MAIN
ADDED from AndroidManifest.xml:65:17
	android:name
		ADDED from AndroidManifest.xml:65:25
category#android.intent.category.LAUNCHER
ADDED from AndroidManifest.xml:66:17
	android:name
		ADDED from AndroidManifest.xml:66:27
uses-sdk
INJECTED from AndroidManifest.xml:0:0 reason: use-sdk injection requested
MERGED from com.android.support:support-v4:22.2.0:20:5
MERGED from com.android.support:gridlayout-v7:21.0.2:15:5
MERGED from com.android.support:support-v4:22.2.0:20:5
MERGED from com.android.support:cardview-v7:21.0.2:15:5
MERGED from com.android.support:appcompat-v7:22.2.0:20:5
MERGED from com.android.support:support-v4:22.2.0:20:5
MERGED from com.google.android.gms:play-services:7.3.0:18:5
MERGED from com.google.android.gms:play-services-ads:7.3.0:18:5
MERGED from com.google.android.gms:play-services-base:7.3.0:18:5
MERGED from com.android.support:support-v4:22.2.0:20:5
MERGED from com.google.android.gms:play-services-analytics:7.3.0:18:5
MERGED from com.google.android.gms:play-services-base:7.3.0:18:5
MERGED from com.android.support:support-v4:22.2.0:20:5
MERGED from com.google.android.gms:play-services-analytics:7.3.0:18:5
MERGED from com.google.android.gms:play-services-base:7.3.0:18:5
MERGED from com.android.support:support-v4:22.2.0:20:5
MERGED from com.google.android.gms:play-services-appindexing:7.3.0:18:5
MERGED from com.google.android.gms:play-services-base:7.3.0:18:5
MERGED from com.android.support:support-v4:22.2.0:20:5
MERGED from com.google.android.gms:play-services-appinvite:7.3.0:18:5
MERGED from com.google.android.gms:play-services-base:7.3.0:18:5
MERGED from com.android.support:support-v4:22.2.0:20:5
MERGED from com.google.android.gms:play-services-appstate:7.3.0:18:5
MERGED from com.google.android.gms:play-services-base:7.3.0:18:5
MERGED from com.android.support:support-v4:22.2.0:20:5
MERGED from com.google.android.gms:play-services-base:7.3.0:18:5
MERGED from com.android.support:support-v4:22.2.0:20:5
MERGED from com.google.android.gms:play-services-cast:7.3.0:18:5
MERGED from com.google.android.gms:play-services-base:7.3.0:18:5
MERGED from com.android.support:support-v4:22.2.0:20:5
MERGED from com.google.android.gms:play-services-drive:7.3.0:18:5
MERGED from com.google.android.gms:play-services-base:7.3.0:18:5
MERGED from com.android.support:support-v4:22.2.0:20:5
MERGED from com.google.android.gms:play-services-fitness:7.3.0:18:5
MERGED from com.google.android.gms:play-services-base:7.3.0:18:5
MERGED from com.android.support:support-v4:22.2.0:20:5
MERGED from com.google.android.gms:play-services-location:7.3.0:18:5
MERGED from com.google.android.gms:play-services-base:7.3.0:18:5
MERGED from com.android.support:support-v4:22.2.0:20:5
MERGED from com.google.android.gms:play-services-maps:7.3.0:18:5
MERGED from com.google.android.gms:play-services-base:7.3.0:18:5
MERGED from com.android.support:support-v4:22.2.0:20:5
MERGED from com.google.android.gms:play-services-games:7.3.0:18:5
MERGED from com.google.android.gms:play-services-base:7.3.0:18:5
MERGED from com.android.support:support-v4:22.2.0:20:5
MERGED from com.google.android.gms:play-services-drive:7.3.0:18:5
MERGED from com.google.android.gms:play-services-base:7.3.0:18:5
MERGED from com.android.support:support-v4:22.2.0:20:5
MERGED from com.google.android.gms:play-services-gcm:7.3.0:18:5
MERGED from com.google.android.gms:play-services-base:7.3.0:18:5
MERGED from com.android.support:support-v4:22.2.0:20:5
MERGED from com.google.android.gms:play-services-identity:7.3.0:18:5
MERGED from com.google.android.gms:play-services-base:7.3.0:18:5
MERGED from com.android.support:support-v4:22.2.0:20:5
MERGED from com.google.android.gms:play-services-location:7.3.0:18:5
MERGED from com.google.android.gms:play-services-base:7.3.0:18:5
MERGED from com.android.support:support-v4:22.2.0:20:5
MERGED from com.google.android.gms:play-services-maps:7.3.0:18:5
MERGED from com.google.android.gms:play-services-base:7.3.0:18:5
MERGED from com.android.support:support-v4:22.2.0:20:5
MERGED from com.google.android.gms:play-services-maps:7.3.0:18:5
MERGED from com.google.android.gms:play-services-base:7.3.0:18:5
MERGED from com.android.support:support-v4:22.2.0:20:5
MERGED from com.google.android.gms:play-services-nearby:7.3.0:18:5
MERGED from com.google.android.gms:play-services-base:7.3.0:18:5
MERGED from com.android.support:support-v4:22.2.0:20:5
MERGED from com.google.android.gms:play-services-panorama:7.3.0:18:5
MERGED from com.google.android.gms:play-services-base:7.3.0:18:5
MERGED from com.android.support:support-v4:22.2.0:20:5
MERGED from com.google.android.gms:play-services-plus:7.3.0:18:5
MERGED from com.google.android.gms:play-services-base:7.3.0:18:5
MERGED from com.android.support:support-v4:22.2.0:20:5
MERGED from com.google.android.gms:play-services-safetynet:7.3.0:18:5
MERGED from com.google.android.gms:play-services-base:7.3.0:18:5
MERGED from com.android.support:support-v4:22.2.0:20:5
MERGED from com.google.android.gms:play-services-wallet:7.3.0:18:5
MERGED from com.google.android.gms:play-services-base:7.3.0:18:5
MERGED from com.android.support:support-v4:22.2.0:20:5
MERGED from com.google.android.gms:play-services-identity:7.3.0:18:5
MERGED from com.google.android.gms:play-services-base:7.3.0:18:5
MERGED from com.android.support:support-v4:22.2.0:20:5
MERGED from com.google.android.gms:play-services-maps:7.3.0:18:5
MERGED from com.google.android.gms:play-services-base:7.3.0:18:5
MERGED from com.android.support:support-v4:22.2.0:20:5
MERGED from com.google.android.gms:play-services-wearable:7.3.0:18:5
MERGED from com.google.android.gms:play-services-base:7.3.0:18:5
MERGED from com.android.support:support-v4:22.2.0:20:5
MERGED from com.android.support:design:22.2.0:20:5
MERGED from com.android.support:appcompat-v7:22.2.0:20:5
MERGED from com.android.support:support-v4:22.2.0:20:5
MERGED from com.android.support:support-v4:22.2.0:20:5
	android:targetSdkVersion
		INJECTED from AndroidManifest.xml:0:0
		INJECTED from AndroidManifest.xml:0:0
	android:minSdkVersion
		INJECTED from AndroidManifest.xml:0:0
		INJECTED from AndroidManifest.xml:0:0